2024-02-15T22:57:01.485Z - info: [ui] [AppStore] loading 0 repositories from store
2024-02-15T22:57:01.542Z - info: [ui] [Welcome] no sign in step found. ignoring...
2024-02-15T22:57:01.544Z - info: [ui] launching: 3.3.8-linux2 (Linux 6.7.4-zen1-1-zen)
2024-02-15T22:57:01.545Z - info: [ui] execPath: '/opt/github-desktop/github-desktop'
2024-02-15T22:57:01.580Z - info: [ui] [Welcome] no sign in step found. ignoring...
2024-02-15T22:57:01.707Z - info: [ui] Opt in reported.
2024-02-15T22:57:01.984Z - info: [ui] [Welcome] no sign in step found. ignoring...
2024-02-15T22:57:15.304Z - info: [ui] [AppStore] loading 0 repositories from store
2024-02-15T22:57:15.378Z - info: [ui] [Welcome] no sign in step found. ignoring...
2024-02-15T22:57:15.402Z - info: [ui] [Welcome] no sign in step found. ignoring...
2024-02-15T22:57:15.410Z - info: [ui] launching: 3.3.8-linux2 (Linux 6.7.4-zen1-1-zen)
2024-02-15T22:57:15.411Z - info: [ui] execPath: '/opt/github-desktop/github-desktop'
2024-02-15T22:57:15.710Z - info: [ui] [Welcome] no sign in step found. ignoring...
2024-02-15T22:57:32.181Z - info: [ui] [Welcome] no sign in step found. ignoring...
2024-02-15T22:57:33.462Z - info: [ui] [Welcome] advancing to step: SignInToDotComWithBrowser
2024-02-15T22:57:33.463Z - info: [ui] [SignInStore] initializing OAuth flow
2024-02-15T22:57:33.468Z - info: [main] opening in browser: https://github.com/login/oauth/authorize?client_id=3a723b10ac5575cc5bb9&scope=repo%20user%20workflow&state=1540be8e-1e0a-4cf6-8aa3-2db91eafb696
2024-02-15T22:57:33.469Z - info: [ui] [Welcome] current sign in state not found. ignoring...
2024-02-15T22:57:33.726Z - info: [ui] [Welcome] kind Authentication is the same as Authentication. ignoring...
2024-02-15T22:57:36.754Z - info: [main] Received possible protocol arguments: 3
2024-02-15T22:57:36.754Z - info: [main] Processing protocol url
2024-02-15T22:57:36.755Z - info: [ui] [Dispatcher] requesting authenticated user
2024-02-15T22:57:36.759Z - info: [ui] [Welcome] kind Authentication is the same as Authentication. ignoring...
2024-02-15T22:57:36.903Z - info: [main] Received possible protocol arguments: 2
2024-02-15T22:57:36.905Z - info: [main] Processing protocol url
2024-02-15T22:57:37.602Z - info: [ui] [SignInStore] account resolved
2024-02-15T22:57:37.602Z - info: [ui] [AppStore] adding account KMcNeace (KMcNeace) to store
2024-02-15T22:57:37.607Z - info: [ui] [Welcome] advancing to step: ConfigureGit
2024-02-15T22:57:37.646Z - info: [ui] [Welcome] no sign in step found. ignoring...
2024-02-15T22:57:37.807Z - info: [ui] [Welcome] no sign in step found. ignoring...
2024-02-15T22:57:44.189Z - info: [ui] [Welcome] no sign in step found. ignoring...
2024-02-15T22:57:44.206Z - info: [ui] [Welcome] no sign in step found. ignoring...
2024-02-15T22:57:44.494Z - info: [ui] Subscribed 'KMcNeace' to Alive channel
2024-02-15T22:57:44.500Z - info: [ui] [Welcome] no sign in step found. ignoring...
