2024-02-15 21:02:16.941 [info] Extension host with pid 172504 started
2024-02-15 21:02:16.964 [info] ExtensionService#_doActivateExtension vscode.emmet, startup: false, activationEvent: 'onLanguage'
2024-02-15 21:02:17.010 [info] ExtensionService#_doActivateExtension vscode.git-base, startup: true, activationEvent: '*'
2024-02-15 21:02:17.015 [info] ExtensionService#_doActivateExtension vscode.github, startup: true, activationEvent: '*'
2024-02-15 21:02:17.046 [info] Eager extensions activated
2024-02-15 21:02:17.065 [info] ExtensionService#_doActivateExtension vscode.debug-auto-launch, startup: false, activationEvent: 'onStartupFinished'
2024-02-15 21:02:17.068 [info] ExtensionService#_doActivateExtension vscode.merge-conflict, startup: false, activationEvent: 'onStartupFinished'
2024-02-15 21:02:17.091 [info] ExtensionService#_doActivateExtension vscode.github-authentication, startup: false, activationEvent: 'onStartupFinished', root cause: GitHub.vscode-pull-request-github
2024-02-15 21:02:17.171 [info] ExtensionService#_doActivateExtension GitHub.vscode-pull-request-github, startup: false, activationEvent: 'onStartupFinished'
2024-02-15 21:02:17.375 [error] Activating extension GitHub.vscode-pull-request-github failed due to an error:
2024-02-15 21:02:17.375 [error] Error: Extension 'GitHub.vscode-pull-request-github' CANNOT use API proposal: diffCommand.
Its package.json#enabledApiProposals-property declares:  but NOT diffCommand.
 The missing proposal MUST be added and you must start in extension development mode or use the following command line switch: --enable-proposed-api GitHub.vscode-pull-request-github
	at E (/usr/lib/code/out/vs/workbench/api/node/extensionHostProcess.js:138:51177)
	at Object.registerDiffInformationCommand (/usr/lib/code/out/vs/workbench/api/node/extensionHostProcess.js:160:21335)
	at V1 (/home/kilan/.vscode-oss/extensions/github.vscode-pull-request-github-0.80.1-universal/dist/extension.js:2001:9875)
	at B2 (/home/kilan/.vscode-oss/extensions/github.vscode-pull-request-github-0.80.1-universal/dist/extension.js:2120:4420)
	at $2 (/home/kilan/.vscode-oss/extensions/github.vscode-pull-request-github-0.80.1-universal/dist/extension.js:2120:8378)
	at async q2 (/home/kilan/.vscode-oss/extensions/github.vscode-pull-request-github-0.80.1-universal/dist/extension.js:2120:5739)
	at async c.n (/usr/lib/code/out/vs/workbench/api/node/extensionHostProcess.js:140:6256)
	at async c.m (/usr/lib/code/out/vs/workbench/api/node/extensionHostProcess.js:140:6219)
	at async c.l (/usr/lib/code/out/vs/workbench/api/node/extensionHostProcess.js:140:5676)
